Removed Pin From Net: NetName=NetD1_2 Pin=U1-2
Added Component: Designator=J6(61300211121)
Add component (AddParameter): Name = "ComponentLink1Description"; Value = "Manufacturer"; VariantName = "[No Variations]"
Add component (AddParameter): Name = "ComponentLink1URL"; Value = "http://www.we-online.de"; VariantName = "[No Variations]"
Add component (AddParameter): Name = "ComponentLink2Description"; Value = "Datasheet"; VariantName = "[No Variations]"
Add component (AddParameter): Name = "ComponentLink2URL"; Value = "https://katalog.we-online.de/em/datasheet/6130xx11121.pdf"; VariantName = "[No Variations]"
Add component (AddParameter): Name = "Contact Resistance"; Value = "20mOhm"; VariantName = "[No Variations]"
Add component (AddParameter): Name = "Gender"; Value = "Male"; VariantName = "[No Variations]"
Add component (AddParameter): Name = "Mounting Technology"; Value = "THT"; VariantName = "[No Variations]"
Add component (AddParameter): Name = "Operating Temperature"; Value = "-40 to +105degC"; VariantName = "[No Variations]"
Add component (AddParameter): Name = "Orientation"; Value = "Vertical"; VariantName = "[No Variations]"
Add component (AddParameter): Name = "Packaging"; Value = "Bag"; VariantName = "[No Variations]"
Add component (AddParameter): Name = "Part Number"; Value = "61300211121"; VariantName = "[No Variations]"
Add component (AddParameter): Name = "Pin Number"; Value = "2"; VariantName = "[No Variations]"
Add component (AddParameter): Name = "Pitch"; Value = "2.54mm"; VariantName = "[No Variations]"
Add component (AddParameter): Name = "Published Date"; Value = "June 2019"; VariantName = "[No Variations]"
Add component (AddParameter): Name = "Publisher"; Value = "Wurth Elektronik"; VariantName = "[No Variations]"
Add component (AddParameter): Name = "Rated Current"; Value = "3A"; VariantName = "[No Variations]"
Add component (AddParameter): Name = "Row Number"; Value = "Single"; VariantName = "[No Variations]"
Add component (AddParameter): Name = "Withstanding Voltage"; Value = "500VAC"; VariantName = "[No Variations]"
Add component (AddParameter): Name = "Working Voltage"; Value = "250VAC"; VariantName = "[No Variations]"
Added Pin To Net: NetName=NetD1_2 Pin=J6-1
Added Pin To Net: NetName=GND Pin=U1-3
Added Pin To Net: NetName=GND Pin=U1-4
Added Pin To Net: NetName=GND Pin=U1-24
Added Pin To Net: NetName=GND Pin=U1-38
Added Pin To Net: NetName=NetJ6_2 Pin=J6-2
Added Pin To Net: NetName=NetJ6_2 Pin=U1-2
Added Net: Name=NetJ6_2
Added Member To Class: ClassName=Copy of SCH Placa presentation Member=Component D2 Diode 1N4148
Added Member To Class: ClassName=Copy of SCH Placa presentation Member=Component J1 61300311121
Added Member To Class: ClassName=Copy of SCH Placa presentation Member=Component J4 61300311121
Added Member To Class: ClassName=Copy of SCH Placa presentation Member=Component J5 61300311121
Added Member To Class: ClassName=Copy of SCH Placa presentation Member=Component J6 61300211121
Added Member To Class: ClassName=Copy of SCH Placa presentation Member=Component LED1 Blue, 3.2V, 40deg
Added Member To Class: ClassName=Copy of SCH Placa presentation Member=Component LED2 Blue, 3.2V, 40deg
Added Member To Class: ClassName=Copy of SCH Placa presentation Member=Component LED3 Blue, 3.2V, 40deg
Added Member To Class: ClassName=Copy of SCH Placa presentation Member=Component LED4 Blue, 3.2V, 40deg
Added Member To Class: ClassName=Copy of SCH Placa presentation Member=Component R5 Res
Added Member To Class: ClassName=Copy of SCH Placa presentation Member=Component U1 NODE MCU 32S
