Removed Pin From Net: NetName=GND Pin=12V-2
Removed Pin From Net: NetName=GND Pin=D1-1
Removed Pin From Net: NetName=GND Pin=M1-4
Removed Pin From Net: NetName=GND Pin=M2-4
Removed Pin From Net: NetName=GND Pin=M3-4
Removed Pin From Net: NetName=GND Pin=M4-4
Removed Pin From Net: NetName=GND Pin=M5-4
Removed Pin From Net: NetName=GND Pin=Microfone-1
Removed Pin From Net: NetName=GND Pin=Microfone-6
Removed Pin From Net: NetName=GND Pin=U1-2
Removed Member From Class: ClassName=SCH Placa presentation Member=12V
Removed Member From Class: ClassName=SCH Placa presentation Member=CHAVE5V
Removed Member From Class: ClassName=SCH Placa presentation Member=ENT
Removed Member From Class: ClassName=SCH Placa presentation Member=M1
Removed Member From Class: ClassName=SCH Placa presentation Member=M2
Removed Member From Class: ClassName=SCH Placa presentation Member=M3
Removed Member From Class: ClassName=SCH Placa presentation Member=M4
Removed Member From Class: ClassName=SCH Placa presentation Member=M5
Removed Member From Class: ClassName=SCH Placa presentation Member=Microfone
Removed Member From Class: ClassName=SCH Placa presentation Member=U2
Change Comment: Unknown Component : D1
Change Component Designator: OldDesignator=U2 NewDesignator=U1
Change component parameters: Component "D1" not found
Add Component: Footprint Not Found DO-35
Add Component: Footprint Not Found 61300311121
Add Component: Footprint Not Found 61300311121
Add Component: Footprint Not Found 61300311121
Add Component: Footprint Not Found 61300311121
Add Component: Footprint Not Found 61300311121
Add Component: Footprint Not Found 61300311121
Add Pin To Net: Unknown Pin: Pin D1-2
Added Pin To Net: NetName=GND Pin=D2-2
Add Pin To Net: Unknown Pin: Pin D3-2
Add Pin To Net: Unknown Pin: Pin D5-2
Add Pin To Net: Unknown Pin: Pin D6-2
Add Pin To Net: Unknown Pin: Pin D7-2
Add Pin To Net: Unknown Pin: Pin J2-3
Add Pin To Net: Unknown Pin: Pin J3-3
Add Pin To Net: Unknown Pin: Pin J4-3
Add Pin To Net: Unknown Pin: Pin J5-3
Add Pin To Net: Unknown Pin: Pin J6-3
Added Net: Name=NetD1_1
Added Pin To Net: NetName=NetD2_1 Pin=D2-1
Added Net: Name=NetD2_1
Added Net: Name=NetD3_1
Added Net: Name=NetD4_1
Added Pin To Net: NetName=NetD4_2 Pin=U1-2
Added Net: Name=NetD4_2
Added Net: Name=NetD5_1
Added Net: Name=NetD6_1
Added Net: Name=NetD7_1
Added Pin To Net: NetName=NetJ2_1 Pin=U1-28
Added Net: Name=NetJ2_1
Added Pin To Net: NetName=NetJ3_1 Pin=U1-29
Added Net: Name=NetJ3_1
Added Pin To Net: NetName=NetJ4_1 Pin=U1-30
Added Net: Name=NetJ4_1
Added Pin To Net: NetName=NetJ5_1 Pin=U1-31
Added Net: Name=NetJ5_1
Added Pin To Net: NetName=NetJ6_1 Pin=U1-32
Added Net: Name=NetJ6_1
Added Pin To Net: NetName=NetR1_1 Pin=U1-6
Added Net: Name=NetR1_1
Added Pin To Net: NetName=NetR2_1 Pin=U1-7
Added Net: Name=NetR2_1
Added Pin To Net: NetName=NetR3_1 Pin=U1-8
Added Net: Name=NetR3_1
Added Pin To Net: NetName=NetR4_1 Pin=U1-33
Added Net: Name=NetR4_1
Added Pin To Net: NetName=NetR5_1 Pin=U1-34
Added Net: Name=NetR5_1
Added Pin To Net: NetName=NetU1_9 Pin=U1-9
Added Net: Name=NetU1_9
Added Pin To Net: NetName=NetU1_10 Pin=U1-10
Added Net: Name=NetU1_10
Added Pin To Net: NetName=NetU1_11 Pin=U1-11
Added Net: Name=NetU1_11
Added Pin To Net: NetName=NetU1_12 Pin=U1-12
Added Net: Name=NetU1_12
Added Pin To Net: NetName=NetU1_13 Pin=U1-13
Added Net: Name=NetU1_13
Change Class Name : Old Net Name=SCH Placa presentation New Net Name=Copy of SCH Placa presentation
Add Class Member: Failed to add class member : Component D3 Light-Emitting Diode
Add Class Member: Failed to add class member : Component D4 Diode 1N4148
Add Class Member: Failed to add class member : Component D5 Light-Emitting Diode
Add Class Member: Failed to add class member : Component D6 Light-Emitting Diode
Add Class Member: Failed to add class member : Component D7 Light-Emitting Diode
Add Class Member: Failed to add class member : Component J1 61300311121
Add Class Member: Failed to add class member : Component J2 61300311121
Add Class Member: Failed to add class member : Component J3 61300311121
Add Class Member: Failed to add class member : Component J4 61300311121
Add Class Member: Failed to add class member : Component J5 61300311121
Add Class Member: Failed to add class member : Component J6 61300311121
Add Class Member: Failed to add class member : Component R1 Resistor
Add Class Member: Failed to add class member : Component R2 Resistor
Add Class Member: Failed to add class member : Component R3 Resistor
Add Class Member: Failed to add class member : Component R4 Resistor
Add Class Member: Failed to add class member : Component R5 Resistor
Change Room Name: Old Name=SCH Placa presentation New Name=Copy of SCH Placa presentation
Change Room Scope: Old Scope=InComponentClass('SCH Placa presentation') New Scope=InComponentClass('Copy of SCH Placa presentation')
