Removed Pin From Net: NetName=NetD1_1 Pin=D1-1
Removed Pin From Net: NetName=NetD1_2 Pin=D1-2
Removed Pin From Net: NetName=NetD2_1 Pin=D2-1
Removed Pin From Net: NetName=GND Pin=D2-2
Added Pin To Net: NetName=NetD1_2 Pin=D1-1
Added Pin To Net: NetName=NetD1_1 Pin=D1-2
Added Pin To Net: NetName=GND Pin=D2-1
Added Pin To Net: NetName=NetD2_1 Pin=D2-2
Change Net Name : Old Net Name=NetD1_1 New Net Name=NetD1_2
Change Net Name : Old Net Name=NetD1_2 New Net Name=NetD1_1
Change Net Name : Old Net Name=NetD2_1 New Net Name=NetD2_2
Added Member To Class: ClassName=Copy of SCH Placa presentation Member=Component D1 Diode 1N4148
Added Member To Class: ClassName=Copy of SCH Placa presentation Member=Component D2 Diode 1N4148
Added Member To Class: ClassName=Copy of SCH Placa presentation Member=Component J1 61300311121
Added Member To Class: ClassName=Copy of SCH Placa presentation Member=Component J2 61300311121
Added Member To Class: ClassName=Copy of SCH Placa presentation Member=Component J3 61300311121
Added Member To Class: ClassName=Copy of SCH Placa presentation Member=Component J4 61300311121
Added Member To Class: ClassName=Copy of SCH Placa presentation Member=Component J5 61300311121
Added Member To Class: ClassName=Copy of SCH Placa presentation Member=Component JACK DCJ200-10-A-XX-K_REVA
Added Member To Class: ClassName=Copy of SCH Placa presentation Member=Component LED1 Blue, 3.2V, 40deg
Added Member To Class: ClassName=Copy of SCH Placa presentation Member=Component LED2 Blue, 3.2V, 40deg
Added Member To Class: ClassName=Copy of SCH Placa presentation Member=Component LED3 Blue, 3.2V, 40deg
Added Member To Class: ClassName=Copy of SCH Placa presentation Member=Component LED4 Blue, 3.2V, 40deg
Added Member To Class: ClassName=Copy of SCH Placa presentation Member=Component LED5 Blue, 3.2V, 40deg
Added Member To Class: ClassName=Copy of SCH Placa presentation Member=Component R1 Res
Added Member To Class: ClassName=Copy of SCH Placa presentation Member=Component R2 Res
Added Member To Class: ClassName=Copy of SCH Placa presentation Member=Component R3 Res
Added Member To Class: ClassName=Copy of SCH Placa presentation Member=Component R4 Res
Added Member To Class: ClassName=Copy of SCH Placa presentation Member=Component R5 Res
Added Member To Class: ClassName=Copy of SCH Placa presentation Member=Component U1 NODE MCU 32S
